CRITICAL - 2024-09-12 01:01:01 --> CodeIgniter\View\Exceptions\ViewException: Invalid file: "views/layout/header.php"
[Method: GET, Route: teste]
in SYSTEMPATH\Exceptions\FrameworkException.php on line 41.
 1 SYSTEMPATH\View\View.php(222): CodeIgniter\Exceptions\FrameworkException::forInvalidFile('views/layout/header.php')
 2 SYSTEMPATH\Common.php(1171): CodeIgniter\View\View->render('views/layout/header', [], true)
 3 APPPATH\Controllers\Teste.php(9): view('views/layout/header')
 4 SYSTEMPATH\CodeIgniter.php(933): App\Controllers\Teste->index()
 5 SYSTEMPATH\CodeIgniter.php(509): CodeIgniter\CodeIgniter->runController(Object(App\Controllers\Teste))
 6 SYSTEMPATH\CodeIgniter.php(355): CodeIgniter\CodeIgniter->handleRequest(null, Object(Config\Cache), false)
 7 SYSTEMPATH\Boot.php(325): CodeIgniter\CodeIgniter->run()
 8 SYSTEMPATH\Boot.php(67): CodeIgniter\Boot::runCodeIgniter(Object(CodeIgniter\CodeIgniter))
 9 FCPATH\index.php(56): CodeIgniter\Boot::bootWeb(Object(Config\Paths))
CRITICAL - 2024-09-12 01:04:16 --> CodeIgniter\View\Exceptions\ViewException: Invalid file: "views/layout/header.php"
[Method: GET, Route: teste]
in SYSTEMPATH\Exceptions\FrameworkException.php on line 41.
 1 SYSTEMPATH\View\View.php(222): CodeIgniter\Exceptions\FrameworkException::forInvalidFile('views/layout/header.php')
 2 SYSTEMPATH\Common.php(1171): CodeIgniter\View\View->render('views/layout/header', [], true)
 3 APPPATH\Controllers\Teste.php(9): view('views/layout/header')
 4 SYSTEMPATH\CodeIgniter.php(933): App\Controllers\Teste->index()
 5 SYSTEMPATH\CodeIgniter.php(509): CodeIgniter\CodeIgniter->runController(Object(App\Controllers\Teste))
 6 SYSTEMPATH\CodeIgniter.php(355): CodeIgniter\CodeIgniter->handleRequest(null, Object(Config\Cache), false)
 7 SYSTEMPATH\Boot.php(325): CodeIgniter\CodeIgniter->run()
 8 SYSTEMPATH\Boot.php(67): CodeIgniter\Boot::runCodeIgniter(Object(CodeIgniter\CodeIgniter))
 9 FCPATH\index.php(56): CodeIgniter\Boot::bootWeb(Object(Config\Paths))
CRITICAL - 2024-09-12 01:04:30 --> CodeIgniter\View\Exceptions\ViewException: Invalid file: "views/layout/header.php"
[Method: GET, Route: teste]
in SYSTEMPATH\Exceptions\FrameworkException.php on line 41.
 1 SYSTEMPATH\View\View.php(222): CodeIgniter\Exceptions\FrameworkException::forInvalidFile('views/layout/header.php')
 2 SYSTEMPATH\Common.php(1171): CodeIgniter\View\View->render('views/layout/header', [], true)
 3 APPPATH\Controllers\Teste.php(9): view('views/layout/header')
 4 SYSTEMPATH\CodeIgniter.php(933): App\Controllers\Teste->index()
 5 SYSTEMPATH\CodeIgniter.php(509): CodeIgniter\CodeIgniter->runController(Object(App\Controllers\Teste))
 6 SYSTEMPATH\CodeIgniter.php(355): CodeIgniter\CodeIgniter->handleRequest(null, Object(Config\Cache), false)
 7 SYSTEMPATH\Boot.php(325): CodeIgniter\CodeIgniter->run()
 8 SYSTEMPATH\Boot.php(67): CodeIgniter\Boot::runCodeIgniter(Object(CodeIgniter\CodeIgniter))
 9 FCPATH\index.php(56): CodeIgniter\Boot::bootWeb(Object(Config\Paths))
CRITICAL - 2024-09-12 01:04:30 --> CodeIgniter\View\Exceptions\ViewException: Invalid file: "views/layout/header.php"
[Method: GET, Route: teste]
in SYSTEMPATH\Exceptions\FrameworkException.php on line 41.
 1 SYSTEMPATH\View\View.php(222): CodeIgniter\Exceptions\FrameworkException::forInvalidFile('views/layout/header.php')
 2 SYSTEMPATH\Common.php(1171): CodeIgniter\View\View->render('views/layout/header', [], true)
 3 APPPATH\Controllers\Teste.php(9): view('views/layout/header')
 4 SYSTEMPATH\CodeIgniter.php(933): App\Controllers\Teste->index()
 5 SYSTEMPATH\CodeIgniter.php(509): CodeIgniter\CodeIgniter->runController(Object(App\Controllers\Teste))
 6 SYSTEMPATH\CodeIgniter.php(355): CodeIgniter\CodeIgniter->handleRequest(null, Object(Config\Cache), false)
 7 SYSTEMPATH\Boot.php(325): CodeIgniter\CodeIgniter->run()
 8 SYSTEMPATH\Boot.php(67): CodeIgniter\Boot::runCodeIgniter(Object(CodeIgniter\CodeIgniter))
 9 FCPATH\index.php(56): CodeIgniter\Boot::bootWeb(Object(Config\Paths))
CRITICAL - 2024-09-12 01:05:52 --> CodeIgniter\View\Exceptions\ViewException: Invalid file: "views/layout/header.php"
[Method: GET, Route: teste]
in SYSTEMPATH\Exceptions\FrameworkException.php on line 41.
 1 SYSTEMPATH\View\View.php(222): CodeIgniter\Exceptions\FrameworkException::forInvalidFile('views/layout/header.php')
 2 SYSTEMPATH\Common.php(1171): CodeIgniter\View\View->render('views/layout/header', [], true)
 3 APPPATH\Controllers\Teste.php(9): view('views/layout/header')
 4 SYSTEMPATH\CodeIgniter.php(933): App\Controllers\Teste->index()
 5 SYSTEMPATH\CodeIgniter.php(509): CodeIgniter\CodeIgniter->runController(Object(App\Controllers\Teste))
 6 SYSTEMPATH\CodeIgniter.php(355): CodeIgniter\CodeIgniter->handleRequest(null, Object(Config\Cache), false)
 7 SYSTEMPATH\Boot.php(325): CodeIgniter\CodeIgniter->run()
 8 SYSTEMPATH\Boot.php(67): CodeIgniter\Boot::runCodeIgniter(Object(CodeIgniter\CodeIgniter))
 9 FCPATH\index.php(56): CodeIgniter\Boot::bootWeb(Object(Config\Paths))
CRITICAL - 2024-09-12 01:07:02 --> TypeError: App\Controllers\Teste::index(): Return value must be of type string, none returned
[Method: GET, Route: teste]
in APPPATH\Controllers\Teste.php on line 11.
 1 SYSTEMPATH\CodeIgniter.php(933): App\Controllers\Teste->index()
 2 SYSTEMPATH\CodeIgniter.php(509): CodeIgniter\CodeIgniter->runController(Object(App\Controllers\Teste))
 3 SYSTEMPATH\CodeIgniter.php(355): CodeIgniter\CodeIgniter->handleRequest(null, Object(Config\Cache), false)
 4 SYSTEMPATH\Boot.php(325): CodeIgniter\CodeIgniter->run()
 5 SYSTEMPATH\Boot.php(67): CodeIgniter\Boot::runCodeIgniter(Object(CodeIgniter\CodeIgniter))
 6 FCPATH\index.php(56): CodeIgniter\Boot::bootWeb(Object(Config\Paths))
